Seoul_h/hbag/build/outputs/logs/manifest-merger-debug-report.txt
-- Merging decision tree log ---
manifest
ADDED from src\main\AndroidManifest.xml:2:1-179:12
	package
		ADDED from src\main\AndroidManifest.xml:4:5-33
		INJECTED from src\main\AndroidManifest.xml
		INJECTED from src\main\AndroidManifest.xml
	android:versionName
		ADDED from src\main\AndroidManifest.xml:8:5-30
		INJECTED from src\main\AndroidManifest.xml
		INJECTED from src\main\AndroidManifest.xml
	xmlns:tools
		ADDED from src\main\AndroidManifest.xml:3:5-51
	android:versionCode
		ADDED from src\main\AndroidManifest.xml:7:5-28
		INJECTED from src\main\AndroidManifest.xml
		INJECTED from src\main\AndroidManifest.xml
	xmlns:android
		ADDED from src\main\AndroidManifest.xml:2:11-69
	android:installLocation
		ADDED from src\main\AndroidManifest.xml:5:5-45
	android:theme
		ADDED from src\main\AndroidManifest.xml:6:5-52
uses-sdk
ADDED from src\main\AndroidManifest.xml:10:5-12:41
MERGED from [io.realm:realm-android-library:3.0.0] AndroidManifest.xml:7:5-9:41
MERGED from [com.getkeepsafe.relinker:relinker:1.2.2] AndroidManifest.xml:7:5-43
MERGED from [com.crashlytics.sdk.android:crashlytics:2.6.8] AndroidManifest.xml:7:5-43
MERGED from [com.crashlytics.sdk.android:beta:1.2.5] AndroidManifest.xml:7:5-43
MERGED from [com.crashlytics.sdk.android:crashlytics-core:2.3.17] AndroidManifest.xml:50:5-43
MERGED from [com.crashlytics.sdk.android:answers:1.3.13] AndroidManifest.xml:7:5-43
MERGED from [io.fabric.sdk.android:fabric:1.3.17] AndroidManifest.xml:27:5-43
MERGED from [com.android.support:design:25.3.1] AndroidManifest.xml:21:5-23:62
MERGED from [com.android.support:recyclerview-v7:25.3.1] AndroidManifest.xml:20:5-43
MERGED from [com.android.support:transition:25.3.1] AndroidManifest.xml:20:5-44
MERGED from [com.android.support.constraint:constraint-layout:1.0.2] AndroidManifest.xml:5:5-7:41
MERGED from [com.android.support:cardview-v7:25.3.1] AndroidManifest.xml:20:5-43
MERGED from [com.google.android.gms:play-services-maps:11.0.4] AndroidManifest.xml:23:5-43
MERGED from [com.google.android.gms:play-services-location:11.0.4] AndroidManifest.xml:3:5-43
MERGED from [com.google.android.gms:play-services-auth:11.0.4] AndroidManifest.xml:17:5-43
MERGED from [com.google.android.gms:play-services-auth-base:11.0.4] AndroidManifest.xml:4:5-43
MERGED from [com.google.android.gms:play-services-base:11.0.4] AndroidManifest.xml:17:5-43
MERGED from [com.facebook.android:facebook-android-sdk:4.5.0] AndroidManifest.xml:24:5-26:41
MERGED from [com.github.takusemba:spotlight:1.1.3] AndroidManifest.xml:7:5-9:41
MERGED from [com.android.support:appcompat-v7:25.3.1] AndroidManifest.xml:21:5-23:78
MERGED from [com.android.support:animated-vector-drawable:25.3.1] AndroidManifest.xml:20:5-44
MERGED from [com.github.dmytrodanylyk.android-process-button:library:1.0.4] AndroidManifest.xml:8:5-10:41
MERGED from [me.relex:circleindicator:1.2.2] AndroidManifest.xml:8:5-10:41
MERGED from [com.android.support:support-vector-drawable:25.3.1] AndroidManifest.xml:20:5-43
MERGED from [com.android.support:gridlayout-v7:25.3.1] AndroidManifest.xml:20:5-43
MERGED from [com.github.liuguangqiang.swipeback:library:1.0.2] AndroidManifest.xml:5:5-7:41
MERGED from [com.google.firebase:firebase-core:11.0.4] AndroidManifest.xml:4:5-43
MERGED from [com.google.firebase:firebase-analytics:11.0.4] AndroidManifest.xml:17:5-43
MERGED from [com.google.firebase:firebase-analytics-impl:11.0.4] AndroidManifest.xml:17:5-43
MERGED from [com.google.firebase:firebase-iid:11.0.4] AndroidManifest.xml:17:5-43
MERGED from [com.google.firebase:firebase-common:11.0.4] AndroidManifest.xml:3:5-43
MERGED from [com.google.android.gms:play-services-tasks:11.0.4] AndroidManifest.xml:3:5-43
MERGED from [com.google.android.gms:play-services-basement:11.0.4] AndroidManifest.xml:17:5-43
MERGED from [com.android.support:support-v4:25.3.1] AndroidManifest.xml:21:5-23:54
MERGED from [com.android.support:support-fragment:25.3.1] AndroidManifest.xml:21:5-23:60
MERGED from [com.android.support:support-media-compat:25.3.1] AndroidManifest.xml:21:5-23:63
MERGED from [com.android.support:support-core-ui:25.3.1] AndroidManifest.xml:21:5-23:58
MERGED from [com.android.support:support-core-utils:25.3.1] AndroidManifest.xml:21:5-23:61
MERGED from [com.android.support:support-compat:25.3.1] AndroidManifest.xml:21:5-23:58
	tools:overrideLibrary
		ADDED from [com.android.support:design:25.3.1] AndroidManifest.xml:23:9-59
	android:targetSdkVersion
		ADDED from src\main\AndroidManifest.xml:12:9-38
		INJECTED from src\main\AndroidManifest.xml
		INJECTED from src\main\AndroidManifest.xml
	android:minSdkVersion
		ADDED from src\main\AndroidManifest.xml:11:9-35
supports-screens
ADDED from src\main\AndroidManifest.xml:14:5-19:40
	android:largeScreens
		ADDED from src\main\AndroidManifest.xml:16:9-36
	android:smallScreens
		ADDED from src\main\AndroidManifest.xml:18:9-36
	android:normalScreens
		ADDED from src\main\AndroidManifest.xml:17:9-37
	android:xlargeScreens
		ADDED from src\main\AndroidManifest.xml:19:9-37
	android:anyDensity
		ADDED from src\main\AndroidManifest.xml:15:9-34
uses-feature#0x00020000
ADDED from src\main\AndroidManifest.xml:21:5-54
MERGED from [com.google.android.gms:play-services-maps:11.0.4] AndroidManifest.xml:21:5-77
	android:glEsVersion
		ADDED from src\main\AndroidManifest.xml:21:19-51
	android:required
		ADDED from [com.google.android.gms:play-services-maps:11.0.4] AndroidManifest.xml:21:52-75
uses-feature#android.hardware.vulkan
ADDED from src\main\AndroidManifest.xml:22:5-24:36
	android:required
		ADDED from src\main\AndroidManifest.xml:24:9-33
	android:name
		ADDED from src\main\AndroidManifest.xml:23:9-47
uses-permission#android.permission.INTERNET
ADDED from src\main\AndroidManifest.xml:26:5-67
MERGED from [com.crashlytics.sdk.android:crashlytics:2.6.8] AndroidManifest.xml:9:5-67
MERGED from [com.crashlytics.sdk.android:beta:1.2.5] AndroidManifest.xml:9:5-67
MERGED from [com.crashlytics.sdk.android:crashlytics-core:2.3.17] AndroidManifest.xml:52:5-67
MERGED from [com.crashlytics.sdk.android:answers:1.3.13] AndroidManifest.xml:9:5-67
MERGED from [io.fabric.sdk.android:fabric:1.3.17] AndroidManifest.xml:29:5-67
MERGED from [com.google.android.gms:play-services-maps:11.0.4] AndroidManifest.xml:20:5-66
MERGED from [com.google.firebase:firebase-analytics:11.0.4] AndroidManifest.xml:20:5-66
MERGED from [com.google.firebase:firebase-analytics-impl:11.0.4] AndroidManifest.xml:20:5-66
MERGED from [com.google.firebase:firebase-iid:11.0.4] AndroidManifest.xml:20:5-66
	android:name
		ADDED from src\main\AndroidManifest.xml:26:22-64
uses-permission#android.permission.ACCESS_WIFI_STATE
ADDED from src\main\AndroidManifest.xml:27:5-76
	android:name
		ADDED from src\main\AndroidManifest.xml:27:22-73
uses-permission#android.permission.WRITE_EXTERNAL_STORAGE
ADDED from src\main\AndroidManifest.xml:28:5-81
	android:name
		ADDED from src\main\AndroidManifest.xml:28:22-78
uses-permission#android.permission.READ_EXTERNAL_STORAGE
ADDED from src\main\AndroidManifest.xml:29:5-80
	android:name
		ADDED from src\main\AndroidManifest.xml:29:22-77
uses-permission#android.permission.CAMERA
ADDED from src\main\AndroidManifest.xml:30:5-65
	android:name
		ADDED from src\main\AndroidManifest.xml:30:22-62
uses-permission#android.permission.ACCESS_FINE_LOCATION
ADDED from src\main\AndroidManifest.xml:31:5-79
	android:name
		ADDED from src\main\AndroidManifest.xml:31:22-76
uses-permission#android.permission.READ_PHONE_STATE
ADDED from src\main\AndroidManifest.xml:32:5-75
	android:name
		ADDED from src\main\AndroidManifest.xml:32:22-72
uses-permission#android.permission.ACCESS_COARSE_LOCATION
ADDED from src\main\AndroidManifest.xml:33:5-81
	android:name
		ADDED from src\main\AndroidManifest.xml:33:22-78
uses-feature#android.hardware.location.gps
ADDED from src\main\AndroidManifest.xml:35:5-37:36
	android:required
		ADDED from src\main\AndroidManifest.xml:37:9-33
	android:name
		ADDED from src\main\AndroidManifest.xml:36:9-53
uses-feature#android.hardware.location
ADDED from src\main\AndroidManifest.xml:38:5-40:36
	android:required
		ADDED from src\main\AndroidManifest.xml:40:9-33
	android:name
		ADDED from src\main\AndroidManifest.xml:39:9-49
uses-feature#android.hardware.camera
ADDED from src\main\AndroidManifest.xml:41:5-43:36
	android:required
		ADDED from src\main\AndroidManifest.xml:43:9-33
	android:name
		ADDED from src\main\AndroidManifest.xml:42:9-47
uses-feature#android.hardware.camera.autofocus
ADDED from src\main\AndroidManifest.xml:44:5-46:36
	android:required
		ADDED from src\main\AndroidManifest.xml:46:9-33
	android:name
		ADDED from src\main\AndroidManifest.xml:45:9-57
uses-feature#android.hardware.camera.front
ADDED from src\main\AndroidManifest.xml:47:5-49:36
	android:required
		ADDED from src\main\AndroidManifest.xml:49:9-33
	android:name
		ADDED from src\main\AndroidManifest.xml:48:9-53
uses-feature#android.hardware.touchscreen
ADDED from src\main\AndroidManifest.xml:50:5-52:36
	android:required
		ADDED from src\main\AndroidManifest.xml:52:9-33
	android:name
		ADDED from src\main\AndroidManifest.xml:51:9-52
uses-feature#android.hardware.touchscreen.multitouch
ADDED from src\main\AndroidManifest.xml:53:5-55:36
	android:required
		ADDED from src\main\AndroidManifest.xml:55:9-33
	android:name
		ADDED from src\main\AndroidManifest.xml:54:9-63
uses-feature#android.hardware.touchscreen.multitouch.distinct
ADDED from src\main\AndroidManifest.xml:56:5-58:36
	android:required
		ADDED from src\main\AndroidManifest.xml:58:9-33
	android:name
		ADDED from src\main\AndroidManifest.xml:57:9-72
application
ADDED from src\main\AndroidManifest.xml:60:5-177:19
MERGED from [com.crashlytics.sdk.android:crashlytics:2.6.8] AndroidManifest.xml:11:5-20
MERGED from [com.crashlytics.sdk.android:beta:1.2.5] AndroidManifest.xml:11:5-20
MERGED from [com.crashlytics.sdk.android:crashlytics-core:2.3.17] AndroidManifest.xml:54:5-20
MERGED from [com.crashlytics.sdk.android:answers:1.3.13] AndroidManifest.xml:11:5-20
MERGED from [io.fabric.sdk.android:fabric:1.3.17] AndroidManifest.xml:31:5-20
MERGED from [com.android.support:design:25.3.1] AndroidManifest.xml:29:5-20
MERGED from [com.android.support:transition:25.3.1] AndroidManifest.xml:26:5-20
MERGED from [com.android.support.constraint:constraint-layout:1.0.2] AndroidManifest.xml:9:5-20
MERGED from [com.android.support:cardview-v7:25.3.1] AndroidManifest.xml:26:5-20
MERGED from [com.google.android.gms:play-services-maps:11.0.4] AndroidManifest.xml:24:5-19
MERGED from [com.google.android.gms:play-services-location:11.0.4] AndroidManifest.xml:4:5-19
MERGED from [com.google.android.gms:play-services-auth:11.0.4] AndroidManifest.xml:19:5-25:19
MERGED from [com.google.android.gms:play-services-base:11.0.4] AndroidManifest.xml:18:5-20:19
MERGED from [com.facebook.android:facebook-android-sdk:4.5.0] AndroidManifest.xml:28:5-20
MERGED from [com.github.takusemba:spotlight:1.1.3] AndroidManifest.xml:11:5-15:19
MERGED from [com.android.support:appcompat-v7:25.3.1] AndroidManifest.xml:29:5-20
MERGED from [com.android.support:animated-vector-drawable:25.3.1] AndroidManifest.xml:26:5-20
MERGED from [com.android.support:support-vector-drawable:25.3.1] AndroidManifest.xml:26:5-20
MERGED from [com.android.support:gridlayout-v7:25.3.1] AndroidManifest.xml:26:5-20
MERGED from [com.github.liuguangqiang.swipeback:library:1.0.2] AndroidManifest.xml:9:5-47
MERGED from [com.google.firebase:firebase-core:11.0.4] AndroidManifest.xml:5:5-20
MERGED from [com.google.firebase:firebase-analytics:11.0.4] AndroidManifest.xml:24:5-34:19
MERGED from [com.google.firebase:firebase-analytics-impl:11.0.4] AndroidManifest.xml:24:5-28:19
MERGED from [com.google.firebase:firebase-iid:11.0.4] AndroidManifest.xml:28:5-49:19
MERGED from [com.google.firebase:firebase-common:11.0.4] AndroidManifest.xml:4:5-7:19
MERGED from [com.google.android.gms:play-services-tasks:11.0.4] AndroidManifest.xml:4:5-19
MERGED from [com.google.android.gms:play-services-basement:11.0.4] AndroidManifest.xml:19:5-21:19
MERGED from [com.android.support:support-v4:25.3.1] AndroidManifest.xml:29:5-20
MERGED from [com.android.support:support-fragment:25.3.1] AndroidManifest.xml:29:5-20
MERGED from [com.android.support:support-media-compat:25.3.1] AndroidManifest.xml:29:5-20
MERGED from [com.android.support:support-core-ui:25.3.1] AndroidManifest.xml:29:5-20
MERGED from [com.android.support:support-core-utils:25.3.1] AndroidManifest.xml:29:5-20
MERGED from [com.android.support:support-compat:25.3.1] AndroidManifest.xml:29:5-20
	android:label
		ADDED from src\main\AndroidManifest.xml:65:9-41
	android:supportsRtl
		ADDED from [com.github.takusemba:spotlight:1.1.3] AndroidManifest.xml:14:9-35
	android:icon
		ADDED from src\main\AndroidManifest.xml:63:9-42
	android:allowBackup
		ADDED from [com.github.takusemba:spotlight:1.1.3] AndroidManifest.xml:12:9-35
	android:banner
		ADDED from src\main\AndroidManifest.xml:62:9-46
	android:theme
		ADDED from src\main\AndroidManifest.xml:66:9-67
	android:isGame
		ADDED from src\main\AndroidManifest.xml:64:9-30
	android:name
		ADDED from src\main\AndroidManifest.xml:61:9-50
activity#com.hbag.seoulhang.appbase_package.UnityPlayerActivity
ADDED from src\main\AndroidManifest.xml:67:9-79:20
	android:screenOrientation
		ADDED from src\main\AndroidManifest.xml:72:13-49
	android:label
		ADDED from src\main\AndroidManifest.xml:70:13-45
	android:launchMode
		ADDED from src\main\AndroidManifest.xml:71:13-44
	android:configChanges
		ADDED from src\main\AndroidManifest.xml:69:13-186
	android:name
		ADDED from src\main\AndroidManifest.xml:68:13-64
meta-data#unityplayer.UnityActivity
ADDED from src\main\AndroidManifest.xml:73:13-75:40
	android:value
		ADDED from src\main\AndroidManifest.xml:75:17-37
	android:name
		ADDED from src\main\AndroidManifest.xml:74:17-57
meta-data#unityplayer.ForwardNativeEventsToDalvik
ADDED from src\main\AndroidManifest.xml:76:13-78:41
	android:value
		ADDED from src\main\AndroidManifest.xml:78:17-38
	android:name
		ADDED from src\main\AndroidManifest.xml:77:17-71
activity#com.hbag.seoulhang.appbase_package.GameActivity
ADDED from src\main\AndroidManifest.xml:80:9-84:51
	android:process
		ADDED from src\main\AndroidManifest.xml:82:13-43
	android:screenOrientation
		ADDED from src\main\AndroidManifest.xml:84:13-49
	android:theme
		ADDED from src\main\AndroidManifest.xml:83:13-69
	android:name
		ADDED from src\main\AndroidManifest.xml:81:13-57
activity#com.hbag.seoulhang.home_package.Home_Main
ADDED from src\main\AndroidManifest.xml:85:9-90:51
	android:screenOrientation
		ADDED from src\main\AndroidManifest.xml:90:13-49
	android:windowSoftInputMode
		ADDED from src\main\AndroidManifest.xml:89:13-64
	android:configChanges
		ADDED from src\main\AndroidManifest.xml:87:13-57
	android:theme
		ADDED from src\main\AndroidManifest.xml:88:13-69
	android:name
		ADDED from src\main\AndroidManifest.xml:86:13-51
activity#com.hbag.seoulhang.joinmanage_package.LoginActivity
ADDED from src\main\AndroidManifest.xml:91:9-94:51
	android:screenOrientation
		ADDED from src\main\AndroidManifest.xml:94:13-49
	android:theme
		ADDED from src\main\AndroidManifest.xml:93:13-69
	android:name
		ADDED from src\main\AndroidManifest.xml:92:13-61
activity#com.hbag.seoulhang.joinmanage_package.SplashActivity
ADDED from src\main\AndroidManifest.xml:95:9-104:20
	android:screenOrientation
		ADDED from src\main\AndroidManifest.xml:98:13-49
	android:theme
		ADDED from src\main\AndroidManifest.xml:97:13-69
	android:name
		ADDED from src\main\AndroidManifest.xml:96:13-62
intent-filter#android.intent.action.MAIN+android.intent.category.LAUNCHER
ADDED from src\main\AndroidManifest.xml:99:13-103:29
action#android.intent.action.MAIN
ADDED from src\main\AndroidManifest.xml:100:17-69
	android:name
		ADDED from src\main\AndroidManifest.xml:100:25-66
category#android.intent.category.LAUNCHER
ADDED from src\main\AndroidManifest.xml:102:17-77
	android:name
		ADDED from src\main\AndroidManifest.xml:102:27-74
activity#com.hbag.seoulhang.joinmanage_package.TutorialActivity
ADDED from src\main\AndroidManifest.xml:105:9-108:51
	android:screenOrientation
		ADDED from src\main\AndroidManifest.xml:108:13-49
	android:theme
		ADDED from src\main\AndroidManifest.xml:107:13-69
	android:name
		ADDED from src\main\AndroidManifest.xml:106:13-64
activity#com.hbag.seoulhang.joinmanage_package.SettingActivity
ADDED from src\main\AndroidManifest.xml:109:9-112:51
	android:screenOrientation
		ADDED from src\main\AndroidManifest.xml:112:13-49
	android:theme
		ADDED from src\main\AndroidManifest.xml:111:13-69
	android:name
		ADDED from src\main\AndroidManifest.xml:110:13-63
activity#com.hbag.seoulhang.joinmanage_package.register_package.JoinActivity
ADDED from src\main\AndroidManifest.xml:113:9-116:51
	android:screenOrientation
		ADDED from src\main\AndroidManifest.xml:116:13-49
	android:theme
		ADDED from src\main\AndroidManifest.xml:115:13-69
	android:name
		ADDED from src\main\AndroidManifest.xml:114:13-77
activity#com.hbag.seoulhang.joinmanage_package.register_package.FindIdActivity
ADDED from src\main\AndroidManifest.xml:117:9-120:51
	android:screenOrientation
		ADDED from src\main\AndroidManifest.xml:120:13-49
	android:theme
		ADDED from src\main\AndroidManifest.xml:119:13-69
	android:name
		ADDED from src\main\AndroidManifest.xml:118:13-79
activity#com.hbag.seoulhang.joinmanage_package.register_package.FindPassActivity
ADDED from src\main\AndroidManifest.xml:121:9-124:51
	android:screenOrientation
		ADDED from src\main\AndroidManifest.xml:124:13-49
	android:theme
		ADDED from src\main\AndroidManifest.xml:123:13-69
	android:name
		ADDED from src\main\AndroidManifest.xml:122:13-81
activity#com.hbag.seoulhang.joinmanage_package.register_package.CodeinsertActivity
ADDED from src\main\AndroidManifest.xml:125:9-128:51
	android:screenOrientation
		ADDED from src\main\AndroidManifest.xml:128:13-49
	android:theme
		ADDED from src\main\AndroidManifest.xml:127:13-69
	android:name
		ADDED from src\main\AndroidManifest.xml:126:13-83
activity#com.hbag.seoulhang.joinmanage_package.register_package.NewpasswordActivity
ADDED from src\main\AndroidManifest.xml:129:9-132:51
	android:screenOrientation
		ADDED from src\main\AndroidManifest.xml:132:13-49
	android:theme
		ADDED from src\main\AndroidManifest.xml:131:13-69
	android:name
		ADDED from src\main\AndroidManifest.xml:130:13-84
activity#com.hbag.seoulhang.joinmanage_package.register_package.EditprofileActivity
ADDED from src\main\AndroidManifest.xml:133:9-136:51
	android:screenOrientation
		ADDED from src\main\AndroidManifest.xml:136:13-49
	android:theme
		ADDED from src\main\AndroidManifest.xml:135:13-69
	android:name
		ADDED from src\main\AndroidManifest.xml:134:13-84
activity#com.hbag.seoulhang.map_package.GooglemapsActivity
ADDED from src\main\AndroidManifest.xml:137:9-140:51
	android:screenOrientation
		ADDED from src\main\AndroidManifest.xml:140:13-49
	android:theme
		ADDED from src\main\AndroidManifest.xml:139:13-69
	android:name
		ADDED from src\main\AndroidManifest.xml:138:13-59
meta-data#com.google.android.maps.v2.API_KEY
ADDED from src\main\AndroidManifest.xml:142:9-144:55
	android:value
		ADDED from src\main\AndroidManifest.xml:144:13-52
	android:name
		ADDED from src\main\AndroidManifest.xml:143:13-62
meta-data#com.facebook.sdk.ApplicationId
ADDED from src\main\AndroidManifest.xml:145:9-147:55
	android:value
		ADDED from src\main\AndroidManifest.xml:147:13-52
	android:name
		ADDED from src\main\AndroidManifest.xml:146:13-58
meta-data#com.kakao.sdk.AppKey
ADDED from src\main\AndroidManifest.xml:148:9-150:53
	android:value
		ADDED from src\main\AndroidManifest.xml:150:13-50
	android:name
		ADDED from src\main\AndroidManifest.xml:149:13-48
meta-data#unityplayer.SkipPermissionsDialog
ADDED from src\main\AndroidManifest.xml:151:9-153:36
	android:value
		ADDED from src\main\AndroidManifest.xml:153:13-33
	android:name
		ADDED from src\main\AndroidManifest.xml:152:13-61
activity#com.facebook.FacebookActivity
ADDED from src\main\AndroidManifest.xml:155:9-159:52
	android:screenOrientation
		ADDED from src\main\AndroidManifest.xml:159:13-49
	android:label
		ADDED from src\main\AndroidManifest.xml:158:13-45
	android:configChanges
		ADDED from src\main\AndroidManifest.xml:157:13-96
	android:name
		ADDED from src\main\AndroidManifest.xml:156:13-57
activity#com.hbag.seoulhang.home_package.home_fragment.Dragger_Quiz
ADDED from src\main\AndroidManifest.xml:160:9-163:51
	android:screenOrientation
		ADDED from src\main\AndroidManifest.xml:163:13-49
	android:theme
		ADDED from src\main\AndroidManifest.xml:162:13-69
	android:name
		ADDED from src\main\AndroidManifest.xml:161:13-68
activity#com.hbag.seoulhang.home_package.home_fragment.Dragger_Achieve
ADDED from src\main\AndroidManifest.xml:164:9-167:51
	android:screenOrientation
		ADDED from src\main\AndroidManifest.xml:167:13-49
	android:theme
		ADDED from src\main\AndroidManifest.xml:166:13-69
	android:name
		ADDED from src\main\AndroidManifest.xml:165:13-71
meta-data#io.fabric.ApiKey
ADDED from src\main\AndroidManifest.xml:169:9-171:72
	android:value
		ADDED from src\main\AndroidManifest.xml:171:13-69
	android:name
		ADDED from src\main\AndroidManifest.xml:170:13-44
activity#com.hbag.seoulhang.home_package.home_fragment.Dragger_QuizMake
ADDED from src\main\AndroidManifest.xml:173:9-176:51
	android:screenOrientation
		ADDED from src\main\AndroidManifest.xml:176:13-49
	android:theme
		ADDED from src\main\AndroidManifest.xml:175:13-69
	android:name
		ADDED from src\main\AndroidManifest.xml:174:13-72
meta-data#android.support.VERSION
ADDED from [com.android.support:design:25.3.1] AndroidManifest.xml:25:5-27:34
MERGED from [com.android.support:recyclerview-v7:25.3.1] AndroidManifest.xml:22:5-24:34
MERGED from [com.android.support:transition:25.3.1] AndroidManifest.xml:22:5-24:34
MERGED from [com.android.support:cardview-v7:25.3.1] AndroidManifest.xml:22:5-24:34
MERGED from [com.android.support:appcompat-v7:25.3.1] AndroidManifest.xml:25:5-27:34
MERGED from [com.android.support:animated-vector-drawable:25.3.1] AndroidManifest.xml:22:5-24:34
MERGED from [com.android.support:support-vector-drawable:25.3.1] AndroidManifest.xml:22:5-24:34
MERGED from [com.android.support:gridlayout-v7:25.3.1] AndroidManifest.xml:22:5-24:34
MERGED from [com.android.support:support-v4:25.3.1] AndroidManifest.xml:25:5-27:34
MERGED from [com.android.support:support-fragment:25.3.1] AndroidManifest.xml:25:5-27:34
MERGED from [com.android.support:support-media-compat:25.3.1] AndroidManifest.xml:25:5-27:34
MERGED from [com.android.support:support-core-ui:25.3.1] AndroidManifest.xml:25:5-27:34
MERGED from [com.android.support:support-core-utils:25.3.1] AndroidManifest.xml:25:5-27:34
MERGED from [com.android.support:support-compat:25.3.1] AndroidManifest.xml:25:5-27:34
	android:value
		ADDED from [com.android.support:design:25.3.1] AndroidManifest.xml:27:9-31
	android:name
		ADDED from [com.android.support:design:25.3.1] AndroidManifest.xml:26:9-47
uses-permission#android.permission.ACCESS_NETWORK_STATE
ADDED from [com.google.android.gms:play-services-maps:11.0.4] AndroidManifest.xml:19:5-78
MERGED from [com.google.firebase:firebase-analytics:11.0.4] AndroidManifest.xml:21:5-78
MERGED from [com.google.firebase:firebase-analytics-impl:11.0.4] AndroidManifest.xml:21:5-78
MERGED from [com.google.firebase:firebase-iid:11.0.4] AndroidManifest.xml:19:5-78
	android:name
		ADDED from [com.google.android.gms:play-services-maps:11.0.4] AndroidManifest.xml:19:22-76
activity#com.google.android.gms.auth.api.signin.internal.SignInHubActivity
ADDED from [com.google.android.gms:play-services-auth:11.0.4] AndroidManifest.xml:20:9-189
	android:excludeFromRecents
		ADDED from [com.google.android.gms:play-services-auth:11.0.4] AndroidManifest.xml:20:129-162
	android:exported
		ADDED from [com.google.android.gms:play-services-auth:11.0.4] AndroidManifest.xml:20:163-187
	android:theme
		ADDED from [com.google.android.gms:play-services-auth:11.0.4] AndroidManifest.xml:20:69-128
	android:name
		ADDED from [com.google.android.gms:play-services-auth:11.0.4] AndroidManifest.xml:20:19-68
service#com.google.android.gms.auth.api.signin.RevocationBoundService
ADDED from [com.google.android.gms:play-services-auth:11.0.4] AndroidManifest.xml:24:9-184
	android:exported
		ADDED from [com.google.android.gms:play-services-auth:11.0.4] AndroidManifest.xml:24:64-87
	android:permission
		ADDED from [com.google.android.gms:play-services-auth:11.0.4] AndroidManifest.xml:24:88-182
	android:name
		ADDED from [com.google.android.gms:play-services-auth:11.0.4] AndroidManifest.xml:24:18-63
activity#com.google.android.gms.common.api.GoogleApiActivity
ADDED from [com.google.android.gms:play-services-base:11.0.4] AndroidManifest.xml:19:9-172
	android:exported
		ADDED from [com.google.android.gms:play-services-base:11.0.4] AndroidManifest.xml:19:146-170
	android:theme
		ADDED from [com.google.android.gms:play-services-base:11.0.4] AndroidManifest.xml:19:86-145
	android:name
		ADDED from [com.google.android.gms:play-services-base:11.0.4] AndroidManifest.xml:19:19-85
uses-permission#android.permission.WAKE_LOCK
ADDED from [com.google.firebase:firebase-analytics:11.0.4] AndroidManifest.xml:22:5-67
MERGED from [com.google.firebase:firebase-analytics-impl:11.0.4] AndroidManifest.xml:22:5-67
MERGED from [com.google.firebase:firebase-iid:11.0.4] AndroidManifest.xml:21:5-67
	android:name
		ADDED from [com.google.firebase:firebase-analytics:11.0.4] AndroidManifest.xml:22:22-65
receiver#com.google.android.gms.measurement.AppMeasurementReceiver
ADDED from [com.google.firebase:firebase-analytics:11.0.4] AndroidManifest.xml:25:7-26:18
MERGED from [com.google.firebase:firebase-analytics-impl:11.0.4] AndroidManifest.xml:25:7-26:18
	android:enabled
		ADDED from [com.google.firebase:firebase-analytics:11.0.4] AndroidManifest.xml:25:90-112
	android:exported
		ADDED from [com.google.firebase:firebase-analytics:11.0.4] AndroidManifest.xml:25:113-137
	android:name
		ADDED from [com.google.firebase:firebase-analytics:11.0.4] AndroidManifest.xml:25:17-89
receiver#com.google.android.gms.measurement.AppMeasurementInstallReferrerReceiver
ADDED from [com.google.firebase:firebase-analytics:11.0.4] AndroidManifest.xml:27:7-31:18
	android:enabled
		ADDED from [com.google.firebase:firebase-analytics:11.0.4] AndroidManifest.xml:27:162-184
	android:exported
		ADDED from [com.google.firebase:firebase-analytics:11.0.4] AndroidManifest.xml:27:185-208
	android:permission
		ADDED from [com.google.firebase:firebase-analytics:11.0.4] AndroidManifest.xml:27:105-161
	android:name
		ADDED from [com.google.firebase:firebase-analytics:11.0.4] AndroidManifest.xml:27:17-104
intent-filter#com.android.vending.INSTALL_REFERRER
ADDED from [com.google.firebase:firebase-analytics:11.0.4] AndroidManifest.xml:28:11-30:27
action#com.android.vending.INSTALL_REFERRER
ADDED from [com.google.firebase:firebase-analytics:11.0.4] AndroidManifest.xml:29:15-76
	android:name
		ADDED from [com.google.firebase:firebase-analytics:11.0.4] AndroidManifest.xml:29:23-74
service#com.google.android.gms.measurement.AppMeasurementService
ADDED from [com.google.firebase:firebase-analytics:11.0.4] AndroidManifest.xml:32:7-137
MERGED from [com.google.firebase:firebase-analytics-impl:11.0.4] AndroidManifest.xml:27:7-137
	android:enabled
		ADDED from [com.google.firebase:firebase-analytics:11.0.4] AndroidManifest.xml:32:88-110
	android:exported
		ADDED from [com.google.firebase:firebase-analytics:11.0.4] AndroidManifest.xml:32:111-135
	android:name
		ADDED from [com.google.firebase:firebase-analytics:11.0.4] AndroidManifest.xml:32:16-87
service#com.google.android.gms.measurement.AppMeasurementJobService
ADDED from [com.google.firebase:firebase-analytics:11.0.4] AndroidManifest.xml:33:7-197
	android:enabled
		ADDED from [com.google.firebase:firebase-analytics:11.0.4] AndroidManifest.xml:33:148-170
	android:exported
		ADDED from [com.google.firebase:firebase-analytics:11.0.4] AndroidManifest.xml:33:171-195
	android:permission
		ADDED from [com.google.firebase:firebase-analytics:11.0.4] AndroidManifest.xml:33:91-147
	android:name
		ADDED from [com.google.firebase:firebase-analytics:11.0.4] AndroidManifest.xml:33:16-90
uses-permission#com.google.android.c2dm.permission.RECEIVE
ADDED from [com.google.firebase:firebase-iid:11.0.4] AndroidManifest.xml:22:5-81
	android:name
		ADDED from [com.google.firebase:firebase-iid:11.0.4] AndroidManifest.xml:22:22-79
permission#${applicationId}.permission.C2D_MESSAGE
ADDED from [com.google.firebase:firebase-iid:11.0.4] AndroidManifest.xml:24:5-109
	android:protectionLevel
		ADDED from [com.google.firebase:firebase-iid:11.0.4] AndroidManifest.xml:24:72-107
	android:name
		ADDED from [com.google.firebase:firebase-iid:11.0.4] AndroidManifest.xml:24:17-71
uses-permission#${applicationId}.permission.C2D_MESSAGE
ADDED from [com.google.firebase:firebase-iid:11.0.4] AndroidManifest.xml:26:5-78
	android:name
		ADDED from [com.google.firebase:firebase-iid:11.0.4] AndroidManifest.xml:26:22-76
receiver#com.google.firebase.iid.FirebaseInstanceIdReceiver
ADDED from [com.google.firebase:firebase-iid:11.0.4] AndroidManifest.xml:30:9-35:20
	android:exported
		ADDED from [com.google.firebase:firebase-iid:11.0.4] AndroidManifest.xml:30:85-108
	android:permission
		ADDED from [com.google.firebase:firebase-iid:11.0.4] AndroidManifest.xml:30:109-169
	android:name
		ADDED from [com.google.firebase:firebase-iid:11.0.4] AndroidManifest.xml:30:19-84
intent-filter#${applicationId}+com.google.android.c2dm.intent.RECEIVE
ADDED from [com.google.firebase:firebase-iid:11.0.4] AndroidManifest.xml:31:13-34:29
action#com.google.android.c2dm.intent.RECEIVE
ADDED from [com.google.firebase:firebase-iid:11.0.4] AndroidManifest.xml:32:17-80
	android:name
		ADDED from [com.google.firebase:firebase-iid:11.0.4] AndroidManifest.xml:32:25-78
category#${applicationId}
ADDED from [com.google.firebase:firebase-iid:11.0.4] AndroidManifest.xml:33:17-60
	android:name